Base path: C:/Program Files/Unity/Editor/Data
Pipe name: \\.\pipe\UnityShaderCompiler-64bit-1-11196
Cmd: getPlatforms
Cmd: compileSnippet
  api=4 type=0 insize=13030 outsize=11024 kw=UNITY_COLORSPACE_GAMMA _SUNDISK_SIMPLE pd= ok=1
Cmd: compileSnippet
  api=4 type=1 insize=13030 outsize=1899 kw=UNITY_COLORSPACE_GAMMA _SUNDISK_SIMPLE pd= ok=1
Cmd: compileSnippet
  api=4 type=0 insize=751 outsize=3533 kw=SHADOWS_DEPTH pd= ok=1
Cmd: compileSnippet
  api=4 type=1 insize=751 outsize=380 kw=SHADOWS_DEPTH pd= ok=1
Cmd: compileSnippet
  api=4 type=0 insize=982 outsize=4337 kw=DIRECTIONAL SHADOWS_SCREEN LIGHTMAP_OFF DIRLIGHTMAP_OFF DYNAMICLIGHTMAP_OFF pd= ok=1
Cmd: compileSnippet
  api=4 type=1 insize=982 outsize=10926 kw=DIRECTIONAL SHADOWS_SCREEN LIGHTMAP_OFF DIRLIGHTMAP_OFF DYNAMICLIGHTMAP_OFF pd= ok=1
Cmd: compileSnippet
  api=4 type=0 insize=982 outsize=3979 kw=DIRECTIONAL SHADOWS_OFF LIGHTMAP_OFF DIRLIGHTMAP_OFF DYNAMICLIGHTMAP_OFF pd= ok=1
Cmd: compileSnippet
  api=4 type=1 insize=982 outsize=10618 kw=DIRECTIONAL SHADOWS_OFF LIGHTMAP_OFF DIRLIGHTMAP_OFF DYNAMICLIGHTMAP_OFF pd= ok=1
Cmd: compileSnippet
  api=4 type=0 insize=938 outsize=4101 kw=DIRECTIONAL SHADOWS_OFF pd= ok=1
Cmd: compileSnippet
  api=4 type=1 insize=938 outsize=5515 kw=DIRECTIONAL SHADOWS_OFF pd= ok=1
Cmd: preprocess
  insize=945 outsize=244 ok=1
Cmd: compileSnippet
  api=4 type=0 insize=1000 outsize=1087 kw= pd= ok=1
Cmd: compileSnippet
  api=4 type=1 insize=1000 outsize=616 kw= pd= ok=1
Cmd: preprocess
  insize=943 outsize=242 ok=1
Cmd: preprocess
  insize=970 outsize=244 ok=1
Cmd: compileSnippet
  error: 2 plat 4 at (53): syntax error: unexpected token '{'\nCompiling Vertex program
  api=4 type=0 insize=1025 outsize=0 kw= pd= ok=0
Cmd: preprocess
  insize=973 outsize=244 ok=1
Cmd: compileSnippet
  error: 2 plat 4 at (53): syntax error: unexpected token '{'\nCompiling Vertex program
  api=4 type=0 insize=1028 outsize=0 kw= pd= ok=0
Cmd: preprocess
  insize=973 outsize=243 ok=1
Cmd: compileSnippet
  error: 2 plat 4 at (53): syntax error: unexpected token '{'\nCompiling Vertex program
  api=4 type=0 insize=1028 outsize=0 kw= pd= ok=0
Cmd: preprocess
  insize=973 outsize=244 ok=1
Cmd: compileSnippet
  api=4 type=0 insize=1028 outsize=1087 kw= pd= ok=1
Cmd: compileSnippet
  api=4 type=1 insize=1028 outsize=526 kw= pd= ok=1
Cmd: preprocess
  insize=976 outsize=243 ok=1
Cmd: compileSnippet
  error: 2 plat 4 at (53): undeclared identifier 'uv'\nCompiling Vertex program
  api=4 type=0 insize=1031 outsize=0 kw= pd= ok=0
Cmd: preprocess
  insize=978 outsize=243 ok=1
Cmd: compileSnippet
  api=4 type=0 insize=1033 outsize=1087 kw= pd= ok=1
Cmd: compileSnippet
  api=4 type=1 insize=1033 outsize=591 kw= pd= ok=1
Cmd: preprocess
  insize=983 outsize=244 ok=1
Cmd: compileSnippet
  api=4 type=0 insize=1038 outsize=1087 kw= pd= ok=1
Cmd: compileSnippet
  api=4 type=1 insize=1038 outsize=591 kw= pd= ok=1
Cmd: preprocess
  insize=978 outsize=244 ok=1
Cmd: compileSnippet
  api=4 type=0 insize=1033 outsize=1087 kw= pd= ok=1
Cmd: compileSnippet
  api=4 type=1 insize=1033 outsize=591 kw= pd= ok=1
Cmd: preprocess
  insize=978 outsize=244 ok=1
Cmd: preprocess
  insize=978 outsize=244 ok=1
Cmd: preprocess
  insize=942 outsize=244 ok=1
Cmd: compileSnippet
  api=4 type=0 insize=997 outsize=1087 kw= pd= ok=1
Cmd: compileSnippet
  api=4 type=1 insize=997 outsize=616 kw= pd= ok=1
Cmd: preprocess
  insize=941 outsize=244 ok=1
Cmd: compileSnippet
  api=4 type=0 insize=996 outsize=1087 kw= pd= ok=1
Cmd: compileSnippet
  api=4 type=1 insize=996 outsize=616 kw= pd= ok=1
Cmd: preprocess
  insize=943 outsize=244 ok=1
Cmd: compileSnippet
  api=4 type=0 insize=998 outsize=1087 kw= pd= ok=1
Cmd: compileSnippet
  api=4 type=1 insize=998 outsize=616 kw= pd= ok=1
Cmd: preprocess
  insize=941 outsize=244 ok=1
Cmd: preprocess
  insize=941 outsize=244 ok=1
Cmd: preprocess
  insize=941 outsize=244 ok=1
Cmd: preprocess
  insize=1361 outsize=244 ok=1
Cmd: compileSnippet
  api=4 type=0 insize=1416 outsize=1087 kw= pd= ok=1
Cmd: compileSnippet
  api=4 type=1 insize=1416 outsize=1485 kw= pd= ok=1
Cmd: preprocess
  insize=1415 outsize=242 ok=1
Cmd: compileSnippet
  error: 2 plat 4 at (70): syntax error: unexpected token '_MainTex_TexelSize'\nCompiling Vertex program
  api=4 type=0 insize=1470 outsize=0 kw= pd= ok=0
Cmd: preprocess
  insize=1417 outsize=244 ok=1
Cmd: compileSnippet
  error: 2 plat 4 at (70): syntax error: unexpected token '_MainTex_TexelSize'\nCompiling Vertex program
  api=4 type=0 insize=1472 outsize=0 kw= pd= ok=0
Cmd: preprocess
  insize=1364 outsize=244 ok=1
Cmd: compileSnippet
  api=4 type=0 insize=1419 outsize=1087 kw= pd= ok=1
Cmd: compileSnippet
  api=4 type=1 insize=1419 outsize=1485 kw= pd= ok=1
